Создан персонаж.
Позиция персонажа: 0.
Количество очков персонажа: 30.

Создано подземелье.

Персонаж находится в комнате 0.
Эта комната пустая.

Персонаж находится в комнате 1.
Эта комната пустая.

Персонаж находится в комнате 2.
Происходит взаимодействие с сундуком.
Сундук открылся.
Полученное количество очков от сундука: 30
Количество очков персонажа увеличено на 30. Новое значение очков: 60.

Персонаж находится в комнате 3.
Происходит взаимодействие с монстром.
Начальная сила монстра: 0
Монстр побежден.

Персонаж находится в комнате 4.
Персонаж достиг выхода из подземелья.
Игра закончена.
Создан персонаж.
Позиция персонажа: 0.
Количество очков персонажа: 30.

Создано подземелье.

Персонаж находится в комнате 0.
Эта комната пустая.

Персонаж находится в комнате 1.
Эта комната пустая.

Персонаж находится в комнате 2.
Происходит взаимодействие с сундуком.
Сундук открылся.
Полученное количество очков от сундука: 14
Количество очков персонажа увеличено на 14. Новое значение очков: 44.

Персонаж находится в комнате 3.
Происходит взаимодействие с монстром.
Начальная сила монстра: 65
Монстру наносится урон величины 46.
Сила монстра уменьшена на 25.
Монстру наносится урон величины 5.
Сила монстра уменьшена на 25.
Монстру наносится урон величины 0.
Сила монстра уменьшена на 25.
Монстр побежден.

Персонаж находится в комнате 4.
Персонаж достиг выхода из подземелья.
Игра закончена.
Создан персонаж.
Позиция персонажа: 0.
Количество очков персонажа: 30.

Создано подземелье.

Персонаж находится в комнате 0.
Эта комната пустая.

Персонаж находится в комнате 1.
Эта комната пустая.

Персонаж находится в комнате 2.
Происходит взаимодействие с сундуком.
Сундук открылся.
Полученное количество очков от сундука: 38
Количество очков персонажа увеличено на 38. Новое значение очков: 68.

Персонаж находится в комнате 3.
Происходит взаимодействие с монстром.
Начальная сила монстра: 54
Монстру наносится урон величины 70.
Количество очков персонажа увеличено на 54. Новое значение очков: 122.
Монстр побежден.

Персонаж находится в комнате 4.
Персонаж достиг выхода из подземелья.
Игра закончена.
Создан персонаж.
Позиция персонажа: 0.
Количество очков персонажа: 30.

Создано подземелье.

Персонаж находится в комнате 0.
Эта комната пустая.

Персонаж находится в комнате 1.
Эта комната пустая.

Персонаж находится в комнате 2.
Происходит взаимодействие с сундуком.
Сундук открылся.
Полученное количество очков от сундука: 50
Количество очков персонажа увеличено на 50. Новое значение очков: 80.

Персонаж находится в комнате 3.
Происходит взаимодействие с монстром.
Начальная сила монстра: 50
Монстру наносится урон величины 83.
Количество очков персонажа увеличено на 50. Новое значение очков: 130.
Монстр побежден.

Персонаж находится в комнате 4.
Персонаж достиг выхода из подземелья.
Игра закончена.
