Создан персонаж.
Позиция персонажа: 0.
Количество очков персонажа: 30.
Создано подземелье.
Персонаж находится в комнате 0.
Эта комната пустая.
Персонаж находится в комнате 1.
Эта комната пустая.
Персонаж находится в комнате 2.
Происходит взаимодействие с сундуком.
Сундук открылся.
Полученное количество очков от сундука: 31
Количество очков персонажа увеличено на 31. Новое значение очков: 61.
Персонаж находится в комнате 3.
Происходит взаимодействие с монстром.
Монстру наносится урон величины 50.
Количество очков персонажа увеличено на 49. Новое значение очков: 110.
Монстр побежден.

Создан персонаж.
Позиция персонажа: 0.
Количество очков персонажа: 30.
Создано подземелье.
Персонаж находится в комнате 0.
Эта комната пустая.
Персонаж находится в комнате 1.
Эта комната пустая.
Персонаж находится в комнате 2.
Происходит взаимодействие с сундуком.
Сундук открылся.
Полученное количество очков от сундука: 31
Количество очков персонажа увеличено на 31. Новое значение очков: 61.
Персонаж находится в комнате 3.
Происходит взаимодействие с монстром.
Монстру наносится урон величины 35.
Количество очков персонажа увеличено на 33. Новое значение очков: 94.
Монстр побежден.

